# JRE version: Java(TM) SE Runtime Environment (23.0.1+11) (build 23.0.1+11-39)
# Java VM: Java HotSpot(TM) 64-Bit Server VM (23.0.1+11-39, mixed mode, sharing, tiered, compressed oops, compressed class ptrs, g1 gc, windows-amd64)
GC Precious Log:
 CardTable entry size: 512
 Card Set container configuration: InlinePtr #cards 4 size 8 Array Of Cards #cards 16 size 48 Howl #buckets 8 coarsen threshold 3686 Howl Bitmap #cards 512 size 80 coarsen threshold 460 Card regions per heap region 1 cards per card region 4096
 CPUs: 12 total, 12 available
 Memory: 16315M
 Large Page Support: Disabled
 NUMA Support: Disabled
 Compressed Oops: Enabled (Zero based)
 Heap Region Size: 2M
 Heap Min Capacity: 8M
 Heap Initial Capacity: 256M
 Heap Max Capacity: 4080M
 Pre-touch: Disabled
 Parallel Workers: 10
 Concurrent Workers: 3
 Concurrent Refinement Workers: 10
 Periodic GC: Disabled
Heap:
 garbage-first heap   total reserved 4177920K, committed 524288K, used 364544K [0x0000000701000000, 0x0000000800000000)
  region size 2048K, 6 young (12288K), 6 survivors (12288K)
 Metaspace       used 5377K, committed 5568K, reserved 1114112K
  class space    used 468K, committed 576K, reserved 1048576K
GC Heap History (20 events):
Event: 1.139 GC heap after
{Heap after GC invocations=4 (full 0):
 garbage-first heap   total reserved 4177920K, committed 262144K, used 69632K [0x0000000701000000, 0x0000000800000000)
  region size 2048K, 3 young (6144K), 3 survivors (6144K)
 Metaspace       used 4614K, committed 4736K, reserved 1114112K
  class space    used 415K, committed 448K, reserved 1048576K
}
Event: 1.239 GC heap before
{Heap before GC invocations=4 (full 0):
 garbage-first heap   total reserved 4177920K, committed 262144K, used 122880K [0x0000000701000000, 0x0000000800000000)
  region size 2048K, 29 young (59392K), 3 survivors (6144K)
 Metaspace       used 4618K, committed 4736K, reserved 1114112K
  class space    used 415K, committed 448K, reserved 1048576K
}
Event: 1.259 GC heap after
{Heap after GC invocations=5 (full 0):
 garbage-first heap   total reserved 4177920K, committed 262144K, used 104448K [0x0000000701000000, 0x0000000800000000)
  region size 2048K, 4 young (8192K), 4 survivors (8192K)
 Metaspace       used 4618K, committed 4736K, reserved 1114112K
  class space    used 415K, committed 448K, reserved 1048576K
}
Event: 1.344 GC heap before
{Heap before GC invocations=5 (full 0):
 garbage-first heap   total reserved 4177920K, committed 262144K, used 165888K [0x0000000701000000, 0x0000000800000000)
  region size 2048K, 34 young (69632K), 4 survivors (8192K)
 Metaspace       used 4620K, committed 4736K, reserved 1114112K
  class space    used 416K, committed 448K, reserved 1048576K
}
Event: 1.375 GC heap after
{Heap after GC invocations=6 (full 0):
 garbage-first heap   total reserved 4177920K, committed 524288K, used 145331K [0x0000000701000000, 0x0000000800000000)
  region size 2048K, 5 young (10240K), 5 survivors (10240K)
 Metaspace       used 4620K, committed 4736K, reserved 1114112K
  class space    used 416K, committed 448K, reserved 1048576K
}
Event: 2.492 GC heap before
{Heap before GC invocations=6 (full 0):
 garbage-first heap   total reserved 4177920K, committed 524288K, used 223155K [0x0000000701000000, 0x0000000800000000)
  region size 2048K, 43 young (88064K), 5 survivors (10240K)
 Metaspace       used 5159K, committed 5312K, reserved 1114112K
  class space    used 459K, committed 576K, reserved 1048576K
}
Event: 2.512 GC heap after
{Heap after GC invocations=7 (full 0):
 garbage-first heap   total reserved 4177920K, committed 524288K, used 192512K [0x0000000701000000, 0x0000000800000000)
  region size 2048K, 6 young (12288K), 6 survivors (12288K)
 Metaspace       used 5159K, committed 5312K, reserved 1114112K
  class space    used 459K, committed 576K, reserved 1048576K
}
Event: 3.425 GC heap before
{Heap before GC invocations=7 (full 0):
 garbage-first heap   total reserved 4177920K, committed 524288K, used 239616K [0x0000000701000000, 0x0000000800000000)
  region size 2048K, 29 young (59392K), 6 survivors (12288K)
 Metaspace       used 5159K, committed 5312K, reserved 1114112K
  class space    used 459K, committed 576K, reserved 1048576K
}
Event: 3.437 GC heap after
{Heap after GC invocations=8 (full 0):
 garbage-first heap   total reserved 4177920K, committed 524288K, used 224815K [0x0000000701000000, 0x0000000800000000)
  region size 2048K, 4 young (8192K), 4 survivors (8192K)
 Metaspace       used 5159K, committed 5312K, reserved 1114112K
  class space    used 459K, committed 576K, reserved 1048576K
}
Event: 5.020 GC heap before
{Heap before GC invocations=8 (full 0):
 garbage-first heap   total reserved 4177920K, committed 524288K, used 345647K [0x0000000701000000, 0x0000000800000000)
  region size 2048K, 63 young (129024K), 4 survivors (8192K)
 Metaspace       used 5161K, committed 5376K, reserved 1114112K
  class space    used 459K, committed 576K, reserved 1048576K
}
Event: 5.050 GC heap after
{Heap after GC invocations=9 (full 0):
 garbage-first heap   total reserved 4177920K, committed 524288K, used 301056K [0x0000000701000000, 0x0000000800000000)
  region size 2048K, 8 young (16384K), 8 survivors (16384K)
 Metaspace       used 5161K, committed 5376K, reserved 1114112K
  class space    used 459K, committed 576K, reserved 1048576K
}
Event: 5.539 GC heap before
{Heap before GC invocations=9 (full 0):
 garbage-first heap   total reserved 4177920K, committed 524288K, used 393216K [0x0000000701000000, 0x0000000800000000)
  region size 2048K, 53 young (108544K), 8 survivors (16384K)
 Metaspace       used 5161K, committed 5376K, reserved 1114112K
  class space    used 459K, committed 576K, reserved 1048576K
}
Event: 5.568 GC heap after
{Heap after GC invocations=10 (full 0):
 garbage-first heap   total reserved 4177920K, committed 524288K, used 363520K [0x0000000701000000, 0x0000000800000000)
  region size 2048K, 7 young (14336K), 7 survivors (14336K)
 Metaspace       used 5161K, committed 5376K, reserved 1114112K
  class space    used 459K, committed 576K, reserved 1048576K
}
Event: 6.103 GC heap before
{Heap before GC invocations=11 (full 0):
 garbage-first heap   total reserved 4177920K, committed 524288K, used 293888K [0x0000000701000000, 0x0000000800000000)
  region size 2048K, 40 young (81920K), 7 survivors (14336K)
 Metaspace       used 5161K, committed 5376K, reserved 1114112K
  class space    used 459K, committed 576K, reserved 1048576K
}
Event: 6.119 GC heap after
{Heap after GC invocations=12 (full 0):
 garbage-first heap   total reserved 4177920K, committed 524288K, used 274432K [0x0000000701000000, 0x0000000800000000)
  region size 2048K, 5 young (10240K), 5 survivors (10240K)
 Metaspace       used 5161K, committed 5376K, reserved 1114112K
  class space    used 459K, committed 576K, reserved 1048576K
}
Event: 6.527 GC heap before
{Heap before GC invocations=12 (full 0):
 garbage-first heap   total reserved 4177920K, committed 524288K, used 376832K [0x0000000701000000, 0x0000000800000000)
  region size 2048K, 55 young (112640K), 5 survivors (10240K)
 Metaspace       used 5161K, committed 5376K, reserved 1114112K
  class space    used 459K, committed 576K, reserved 1048576K
}
Event: 6.549 GC heap after
{Heap after GC invocations=13 (full 0):
 garbage-first heap   total reserved 4177920K, committed 524288K, used 326656K [0x0000000701000000, 0x0000000800000000)
  region size 2048K, 7 young (14336K), 7 survivors (14336K)
 Metaspace       used 5161K, committed 5376K, reserved 1114112K
  class space    used 459K, committed 576K, reserved 1048576K
}
Event: 6.826 GC heap before
{Heap before GC invocations=13 (full 0):
 garbage-first heap   total reserved 4177920K, committed 524288K, used 406528K [0x0000000701000000, 0x0000000800000000)
  region size 2048K, 46 young (94208K), 7 survivors (14336K)
 Metaspace       used 5377K, committed 5568K, reserved 1114112K
  class space    used 468K, committed 576K, reserved 1048576K
}
Event: 6.837 GC heap after
{Heap after GC invocations=14 (full 0):
 garbage-first heap   total reserved 4177920K, committed 524288K, used 348160K [0x0000000701000000, 0x0000000800000000)
  region size 2048K, 6 young (12288K), 6 survivors (12288K)
 Metaspace       used 5377K, committed 5568K, reserved 1114112K
  class space    used 468K, committed 576K, reserved 1048576K
}
Event: 6.975 GC heap before
{Heap before GC invocations=14 (full 0):
 garbage-first heap   total reserved 4177920K, committed 524288K, used 425984K [0x0000000701000000, 0x0000000800000000)
  region size 2048K, 43 young (88064K), 6 survivors (12288K)
 Metaspace       used 5377K, committed 5568K, reserved 1114112K
  class space    used 468K, committed 576K, reserved 1048576K
}

